<?xml version="1.0" encoding="UTF-8"?>
<!-- Generated by org.testng.reporters.JUnitReportReporter -->
<testsuite skipped="0" hostname="ArshPC" name="alayacareTests.loginPass" tests="1" failures="0" timestamp="21 Oct 2018 23:01:38 GMT" time="20.383" errors="0">
  <testcase name="LoginSuccess" time="20.383" classname="alayacareTests.loginPass"/>
</testsuite> <!-- alayacareTests.loginPass -->
