<?xml version="1.0" encoding="UTF-8"?>
<!-- Generated by org.testng.reporters.JUnitReportReporter -->
<testsuite skipped="0" hostname="ArshPC" name="runner.TestRunner" tests="2" failures="0" timestamp="22 Oct 2018 00:18:28 GMT" time="0.017" errors="0">
  <testcase name="feature" time="0.006" classname="runner.TestRunner"/>
  <testcase name="feature" time="0.011" classname="runner.TestRunner"/>
</testsuite> <!-- runner.TestRunner -->
