<?xml version="1.0" encoding="UTF-8"?>
<!-- Generated by org.testng.reporters.JUnitReportReporter -->
<testsuite skipped="1" hostname="ArshPC" name="alayacareTests.TestRunner" tests="1" failures="0" timestamp="21 Oct 2018 23:41:21 GMT" time="0.000" errors="0">
  <testcase name="feature" time="0.000" classname="alayacareTests.TestRunner">
    <skipped/>
  </testcase> <!-- feature -->
</testsuite> <!-- alayacareTests.TestRunner -->
